<?xml version="1.0" encoding="UTF-8"?>
<testng-results skipped="0" failed="0" ignored="0" total="1" passed="1">
  <reporter-output>
  </reporter-output>
  <suite name="Automation Test" duration-ms="27815" started-at="2018-08-27T08:28:10Z" finished-at="2018-08-27T08:28:38Z">
    <groups>
    </groups>
    <test name="Smoke Test" duration-ms="27815" started-at="2018-08-27T08:28:10Z" finished-at="2018-08-27T08:28:38Z">
      <class name="Mod.TestMaven">
        <test-method status="PASS" signature="browserTest()[pri:0, instance:Mod.TestMaven@66a3ffec]" name="browserTest" is-config="true" duration-ms="21985" started-at="2018-08-27T13:58:10Z" finished-at="2018-08-27T13:58:32Z">
          <reporter-output>
          </reporter-output>
        </test-method> <!-- browserTest -->
        <test-method status="PASS" signature="testFaceBook()[pri:0, instance:Mod.TestMaven@66a3ffec]" name="testFaceBook" duration-ms="5809" started-at="2018-08-27T13:58:32Z" finished-at="2018-08-27T13:58:38Z">
          <reporter-output>
          </reporter-output>
        </test-method> <!-- testFaceBook -->
      </class> <!-- Mod.TestMaven -->
    </test> <!-- Smoke Test -->
  </suite> <!-- Automation Test -->
</testng-results>
